<?xml version="1.0" encoding="UTF-8"?>
<!-- Generated by org.testng.reporters.JUnitReportReporter -->
<testsuite hostname="Bibaswan" failures="0" tests="1" name="qaclickacademy.Mavenjava.DemoTest" time="0.013" errors="0" timestamp="5 May 2021 20:28:31 GMT">
  <testcase classname="qaclickacademy.Mavenjava.DemoTest" name="demotest" time="0.013"/>
</testsuite> <!-- qaclickacademy.Mavenjava.DemoTest -->
