<?xml version="1.0" encoding="UTF-8"?>
<!-- Generated by org.testng.reporters.JUnitReportReporter -->
<testsuite hostname="Bibaswan" failures="0" tests="1" name="qaclickacademy.Mavenjava.SeleniumTest" time="0.001" errors="0" timestamp="5 May 2021 20:28:31 GMT">
  <testcase classname="qaclickacademy.Mavenjava.SeleniumTest" name="BrowserAutomation" time="0.001"/>
</testsuite> <!-- qaclickacademy.Mavenjava.SeleniumTest -->
