<?xml version="1.0" encoding="UTF-8"?>
<!-- Generated by org.testng.reporters.JUnitReportReporter -->
<testsuite hostname="Bibaswan" failures="0" tests="1" name="qaclickacademy.Mavenjava.ExtentrReports" time="8.482" errors="0" timestamp="2021-05-20T17:18:41 IST" skipped="0">
  <testcase classname="qaclickacademy.Mavenjava.ExtentrReports" name="demo" time="8.482"/>
  <system-out/>
</testsuite> <!-- qaclickacademy.Mavenjava.ExtentrReports -->
