<?xml version="1.0" encoding="UTF-8"?>
<!-- Generated by org.testng.reporters.JUnitReportReporter -->
<testsuite hostname="Bibaswan" failures="0" tests="1" name="qaclickacademy.Mavenjava.DemoTest" time="0.020" errors="0" timestamp="2021-05-08T12:24:28 IST" skipped="0">
  <testcase classname="qaclickacademy.Mavenjava.DemoTest" name="demotest" time="0.020"/>
  <system-out/>
</testsuite> <!-- qaclickacademy.Mavenjava.DemoTest -->
