<?xml version="1.0" encoding="UTF-8"?>
<!-- Generated by org.testng.reporters.JUnitReportReporter -->
<testsuite hostname="Bibaswan" failures="0" tests="1" name="qaclickacademy.Mavenjava.DemoTest" time="0.015" errors="0" timestamp="7 Jun 2021 19:27:08 GMT">
  <testcase classname="qaclickacademy.Mavenjava.DemoTest" name="demotest" time="0.015"/>
</testsuite> <!-- qaclickacademy.Mavenjava.DemoTest -->
